16:34:50.978 INFO  - initializing database
16:34:50.979 INFO  - loading database... 
16:34:51.075 INFO  - success

16:34:51.078 INFO  - No net-file given. No network will be imported.
16:34:51.079 INFO  - parsing route file
16:34:51.125 INFO  - processing route 1/69,    
16:34:51.126 INFO  - processing route 1/69,    edge 1/22
16:34:51.126 INFO  - processing route 1/69,    edge 2/22
16:34:51.127 INFO  - processing route 1/69,    edge 3/22
16:34:51.127 INFO  - processing route 1/69,    edge 4/22
16:34:51.127 INFO  - processing route 1/69,    edge 5/22
16:34:51.127 INFO  - processing route 1/69,    edge 6/22
16:34:51.127 INFO  - processing route 1/69,    edge 7/22
16:34:51.127 INFO  - processing route 1/69,    edge 8/22
16:34:51.127 INFO  - processing route 1/69,    edge 9/22
16:34:51.128 INFO  - processing route 1/69,    edge 10/22
16:34:51.128 INFO  - processing route 1/69,    edge 11/22
16:34:51.128 INFO  - processing route 1/69,    edge 12/22
16:34:51.128 INFO  - processing route 1/69,    edge 13/22
16:34:51.128 INFO  - processing route 1/69,    edge 14/22
16:34:51.128 INFO  - processing route 1/69,    edge 15/22
16:34:51.128 INFO  - processing route 1/69,    edge 16/22
16:34:51.128 INFO  - processing route 1/69,    edge 17/22
16:34:51.128 INFO  - processing route 1/69,    edge 18/22
16:34:51.128 INFO  - processing route 1/69,    edge 19/22
16:34:51.128 INFO  - processing route 1/69,    edge 20/22
16:34:51.128 INFO  - processing route 1/69,    edge 21/22
16:34:51.128 INFO  - processing route 1/69,    edge 22/22
16:34:51.129 INFO  - processing route 2/69,    
16:34:51.129 INFO  - processing route 2/69,    edge 1/28
16:34:51.129 INFO  - processing route 2/69,    edge 2/28
16:34:51.129 INFO  - processing route 2/69,    edge 3/28
16:34:51.129 INFO  - processing route 2/69,    edge 4/28
16:34:51.129 INFO  - processing route 2/69,    edge 5/28
16:34:51.129 INFO  - processing route 2/69,    edge 6/28
16:34:51.129 INFO  - processing route 2/69,    edge 7/28
16:34:51.129 INFO  - processing route 2/69,    edge 8/28
16:34:51.130 INFO  - processing route 2/69,    edge 9/28
16:34:51.130 INFO  - processing route 2/69,    edge 10/28
16:34:51.130 INFO  - processing route 2/69,    edge 11/28
16:34:51.130 INFO  - processing route 2/69,    edge 12/28
16:34:51.130 INFO  - processing route 2/69,    edge 13/28
16:34:51.130 INFO  - processing route 2/69,    edge 14/28
16:34:51.130 INFO  - processing route 2/69,    edge 15/28
16:34:51.130 INFO  - processing route 2/69,    edge 16/28
16:34:51.130 INFO  - processing route 2/69,    edge 17/28
16:34:51.130 INFO  - processing route 2/69,    edge 18/28
16:34:51.130 INFO  - processing route 2/69,    edge 19/28
16:34:51.130 INFO  - processing route 2/69,    edge 20/28
16:34:51.130 INFO  - processing route 2/69,    edge 21/28
16:34:51.130 INFO  - processing route 2/69,    edge 22/28
16:34:51.131 INFO  - processing route 2/69,    edge 23/28
16:34:51.131 INFO  - processing route 2/69,    edge 24/28
16:34:51.131 INFO  - processing route 2/69,    edge 25/28
16:34:51.131 INFO  - processing route 2/69,    edge 26/28
16:34:51.131 INFO  - processing route 2/69,    edge 27/28
16:34:51.131 INFO  - processing route 2/69,    edge 28/28
16:34:51.131 INFO  - processing route 3/69,    
16:34:51.131 INFO  - processing route 3/69,    edge 1/26
16:34:51.131 INFO  - processing route 3/69,    edge 2/26
16:34:51.131 INFO  - processing route 3/69,    edge 3/26
16:34:51.131 INFO  - processing route 3/69,    edge 4/26
16:34:51.131 INFO  - processing route 3/69,    edge 5/26
16:34:51.132 INFO  - processing route 3/69,    edge 6/26
16:34:51.132 INFO  - processing route 3/69,    edge 7/26
16:34:51.132 INFO  - processing route 3/69,    edge 8/26
16:34:51.132 INFO  - processing route 3/69,    edge 9/26
16:34:51.132 INFO  - processing route 3/69,    edge 10/26
16:34:51.132 INFO  - processing route 3/69,    edge 11/26
16:34:51.132 INFO  - processing route 3/69,    edge 12/26
16:34:51.132 INFO  - processing route 3/69,    edge 13/26
16:34:51.132 INFO  - processing route 3/69,    edge 14/26
16:34:51.132 INFO  - processing route 3/69,    edge 15/26
16:34:51.132 INFO  - processing route 3/69,    edge 16/26
16:34:51.133 INFO  - processing route 3/69,    edge 17/26
16:34:51.133 INFO  - processing route 3/69,    edge 18/26
16:34:51.133 INFO  - processing route 3/69,    edge 19/26
16:34:51.133 INFO  - processing route 3/69,    edge 20/26
16:34:51.133 INFO  - processing route 3/69,    edge 21/26
16:34:51.133 INFO  - processing route 3/69,    edge 22/26
16:34:51.133 INFO  - processing route 3/69,    edge 23/26
16:34:51.133 INFO  - processing route 3/69,    edge 24/26
16:34:51.133 INFO  - processing route 3/69,    edge 25/26
16:34:51.133 INFO  - processing route 3/69,    edge 26/26
16:34:51.133 INFO  - processing route 4/69,    
16:34:51.133 INFO  - processing route 4/69,    edge 1/25
16:34:51.134 INFO  - processing route 4/69,    edge 2/25
16:34:51.134 INFO  - processing route 4/69,    edge 3/25
16:34:51.134 INFO  - processing route 4/69,    edge 4/25
16:34:51.134 INFO  - processing route 4/69,    edge 5/25
16:34:51.134 INFO  - processing route 4/69,    edge 6/25
16:34:51.134 INFO  - processing route 4/69,    edge 7/25
16:34:51.134 INFO  - processing route 4/69,    edge 8/25
16:34:51.134 INFO  - processing route 4/69,    edge 9/25
16:34:51.134 INFO  - processing route 4/69,    edge 10/25
16:34:51.134 INFO  - processing route 4/69,    edge 11/25
16:34:51.134 INFO  - processing route 4/69,    edge 12/25
16:34:51.134 INFO  - processing route 4/69,    edge 13/25
16:34:51.134 INFO  - processing route 4/69,    edge 14/25
16:34:51.134 INFO  - processing route 4/69,    edge 15/25
16:34:51.135 INFO  - processing route 4/69,    edge 16/25
16:34:51.135 INFO  - processing route 4/69,    edge 17/25
16:34:51.135 INFO  - processing route 4/69,    edge 18/25
16:34:51.135 INFO  - processing route 4/69,    edge 19/25
16:34:51.135 INFO  - processing route 4/69,    edge 20/25
16:34:51.135 INFO  - processing route 4/69,    edge 21/25
16:34:51.135 INFO  - processing route 4/69,    edge 22/25
16:34:51.135 INFO  - processing route 4/69,    edge 23/25
16:34:51.135 INFO  - processing route 4/69,    edge 24/25
16:34:51.135 INFO  - processing route 4/69,    edge 25/25
16:34:51.135 INFO  - processing route 5/69,    
16:34:51.135 INFO  - processing route 5/69,    edge 1/19
16:34:51.135 INFO  - processing route 5/69,    edge 2/19
16:34:51.135 INFO  - processing route 5/69,    edge 3/19
16:34:51.135 INFO  - processing route 5/69,    edge 4/19
16:34:51.136 INFO  - processing route 5/69,    edge 5/19
16:34:51.136 INFO  - processing route 5/69,    edge 6/19
16:34:51.136 INFO  - processing route 5/69,    edge 7/19
16:34:51.136 INFO  - processing route 5/69,    edge 8/19
16:34:51.136 INFO  - processing route 5/69,    edge 9/19
16:34:51.136 INFO  - processing route 5/69,    edge 10/19
16:34:51.136 INFO  - processing route 5/69,    edge 11/19
16:34:51.136 INFO  - processing route 5/69,    edge 12/19
16:34:51.136 INFO  - processing route 5/69,    edge 13/19
16:34:51.136 INFO  - processing route 5/69,    edge 14/19
16:34:51.136 INFO  - processing route 5/69,    edge 15/19
16:34:51.136 INFO  - processing route 5/69,    edge 16/19
16:34:51.136 INFO  - processing route 5/69,    edge 17/19
16:34:51.137 INFO  - processing route 5/69,    edge 18/19
16:34:51.137 INFO  - processing route 5/69,    edge 19/19
16:34:51.137 INFO  - processing route 6/69,    
16:34:51.137 INFO  - processing route 6/69,    edge 1/14
16:34:51.137 INFO  - processing route 6/69,    edge 2/14
16:34:51.137 INFO  - processing route 6/69,    edge 3/14
16:34:51.137 INFO  - processing route 6/69,    edge 4/14
16:34:51.137 INFO  - processing route 6/69,    edge 5/14
16:34:51.137 INFO  - processing route 6/69,    edge 6/14
16:34:51.137 INFO  - processing route 6/69,    edge 7/14
16:34:51.137 INFO  - processing route 6/69,    edge 8/14
16:34:51.137 INFO  - processing route 6/69,    edge 9/14
16:34:51.137 INFO  - processing route 6/69,    edge 10/14
16:34:51.137 INFO  - processing route 6/69,    edge 11/14
16:34:51.137 INFO  - processing route 6/69,    edge 12/14
16:34:51.137 INFO  - processing route 6/69,    edge 13/14
16:34:51.138 INFO  - processing route 6/69,    edge 14/14
16:34:51.138 INFO  - processing route 7/69,    
16:34:51.138 INFO  - processing route 7/69,    edge 1/12
16:34:51.138 INFO  - processing route 7/69,    edge 2/12
16:34:51.138 INFO  - processing route 7/69,    edge 3/12
16:34:51.138 INFO  - processing route 7/69,    edge 4/12
16:34:51.138 INFO  - processing route 7/69,    edge 5/12
16:34:51.138 INFO  - processing route 7/69,    edge 6/12
16:34:51.138 INFO  - processing route 7/69,    edge 7/12
16:34:51.139 INFO  - processing route 7/69,    edge 8/12
16:34:51.139 INFO  - processing route 7/69,    edge 9/12
16:34:51.139 INFO  - processing route 7/69,    edge 10/12
16:34:51.139 INFO  - processing route 7/69,    edge 11/12
16:34:51.139 INFO  - processing route 7/69,    edge 12/12
16:34:51.139 INFO  - processing route 8/69,    
16:34:51.139 INFO  - processing route 8/69,    edge 1/22
16:34:51.139 INFO  - processing route 8/69,    edge 2/22
16:34:51.139 INFO  - processing route 8/69,    edge 3/22
16:34:51.139 INFO  - processing route 8/69,    edge 4/22
16:34:51.139 INFO  - processing route 8/69,    edge 5/22
16:34:51.139 INFO  - processing route 8/69,    edge 6/22
16:34:51.140 INFO  - processing route 8/69,    edge 7/22
16:34:51.140 INFO  - processing route 8/69,    edge 8/22
16:34:51.140 INFO  - processing route 8/69,    edge 9/22
16:34:51.140 INFO  - processing route 8/69,    edge 10/22
16:34:51.140 INFO  - processing route 8/69,    edge 11/22
16:34:51.140 INFO  - processing route 8/69,    edge 12/22
16:34:51.140 INFO  - processing route 8/69,    edge 13/22
16:34:51.140 INFO  - processing route 8/69,    edge 14/22
16:34:51.140 INFO  - processing route 8/69,    edge 15/22
16:34:51.140 INFO  - processing route 8/69,    edge 16/22
16:34:51.140 INFO  - processing route 8/69,    edge 17/22
16:34:51.140 INFO  - processing route 8/69,    edge 18/22
16:34:51.140 INFO  - processing route 8/69,    edge 19/22
16:34:51.140 INFO  - processing route 8/69,    edge 20/22
16:34:51.141 INFO  - processing route 8/69,    edge 21/22
16:34:51.141 INFO  - processing route 8/69,    edge 22/22
16:34:51.141 INFO  - processing route 9/69,    
16:34:51.141 INFO  - processing route 9/69,    edge 1/21
16:34:51.141 INFO  - processing route 9/69,    edge 2/21
16:34:51.141 INFO  - processing route 9/69,    edge 3/21
16:34:51.141 INFO  - processing route 9/69,    edge 4/21
16:34:51.141 INFO  - processing route 9/69,    edge 5/21
16:34:51.141 INFO  - processing route 9/69,    edge 6/21
16:34:51.141 INFO  - processing route 9/69,    edge 7/21
16:34:51.141 INFO  - processing route 9/69,    edge 8/21
16:34:51.141 INFO  - processing route 9/69,    edge 9/21
16:34:51.141 INFO  - processing route 9/69,    edge 10/21
16:34:51.141 INFO  - processing route 9/69,    edge 11/21
16:34:51.141 INFO  - processing route 9/69,    edge 12/21
16:34:51.141 INFO  - processing route 9/69,    edge 13/21
16:34:51.141 INFO  - processing route 9/69,    edge 14/21
16:34:51.141 INFO  - processing route 9/69,    edge 15/21
16:34:51.141 INFO  - processing route 9/69,    edge 16/21
16:34:51.141 INFO  - processing route 9/69,    edge 17/21
16:34:51.142 INFO  - processing route 9/69,    edge 18/21
16:34:51.142 INFO  - processing route 9/69,    edge 19/21
16:34:51.142 INFO  - processing route 9/69,    edge 20/21
16:34:51.142 INFO  - processing route 9/69,    edge 21/21
16:34:51.142 INFO  - processing route 10/69,    
16:34:51.142 INFO  - processing route 10/69,    edge 1/25
16:34:51.142 INFO  - processing route 10/69,    edge 2/25
16:34:51.142 INFO  - processing route 10/69,    edge 3/25
16:34:51.142 INFO  - processing route 10/69,    edge 4/25
16:34:51.142 INFO  - processing route 10/69,    edge 5/25
16:34:51.142 INFO  - processing route 10/69,    edge 6/25
16:34:51.142 INFO  - processing route 10/69,    edge 7/25
16:34:51.142 INFO  - processing route 10/69,    edge 8/25
16:34:51.142 INFO  - processing route 10/69,    edge 9/25
16:34:51.142 INFO  - processing route 10/69,    edge 10/25
16:34:51.142 INFO  - processing route 10/69,    edge 11/25
16:34:51.142 INFO  - processing route 10/69,    edge 12/25
16:34:51.142 INFO  - processing route 10/69,    edge 13/25
16:34:51.142 INFO  - processing route 10/69,    edge 14/25
16:34:51.142 INFO  - processing route 10/69,    edge 15/25
16:34:51.142 INFO  - processing route 10/69,    edge 16/25
16:34:51.142 INFO  - processing route 10/69,    edge 17/25
16:34:51.142 INFO  - processing route 10/69,    edge 18/25
16:34:51.143 INFO  - processing route 10/69,    edge 19/25
16:34:51.143 INFO  - processing route 10/69,    edge 20/25
16:34:51.143 INFO  - processing route 10/69,    edge 21/25
16:34:51.143 INFO  - processing route 10/69,    edge 22/25
16:34:51.143 INFO  - processing route 10/69,    edge 23/25
16:34:51.143 INFO  - processing route 10/69,    edge 24/25
16:34:51.143 INFO  - processing route 10/69,    edge 25/25
16:34:51.143 INFO  - processing route 11/69,    
16:34:51.143 INFO  - processing route 11/69,    edge 1/5
16:34:51.143 INFO  - processing route 11/69,    edge 2/5
16:34:51.143 INFO  - processing route 11/69,    edge 3/5
16:34:51.143 INFO  - processing route 11/69,    edge 4/5
16:34:51.143 INFO  - processing route 11/69,    edge 5/5
16:34:51.143 INFO  - processing route 12/69,    
16:34:51.143 INFO  - processing route 12/69,    edge 1/27
16:34:51.143 INFO  - processing route 12/69,    edge 2/27
16:34:51.143 INFO  - processing route 12/69,    edge 3/27
16:34:51.143 INFO  - processing route 12/69,    edge 4/27
16:34:51.144 INFO  - processing route 12/69,    edge 5/27
16:34:51.144 INFO  - processing route 12/69,    edge 6/27
16:34:51.144 INFO  - processing route 12/69,    edge 7/27
16:34:51.144 INFO  - processing route 12/69,    edge 8/27
16:34:51.144 INFO  - processing route 12/69,    edge 9/27
16:34:51.144 INFO  - processing route 12/69,    edge 10/27
16:34:51.144 INFO  - processing route 12/69,    edge 11/27
16:34:51.144 INFO  - processing route 12/69,    edge 12/27
16:34:51.144 INFO  - processing route 12/69,    edge 13/27
16:34:51.144 INFO  - processing route 12/69,    edge 14/27
16:34:51.144 INFO  - processing route 12/69,    edge 15/27
16:34:51.144 INFO  - processing route 12/69,    edge 16/27
16:34:51.144 INFO  - processing route 12/69,    edge 17/27
16:34:51.144 INFO  - processing route 12/69,    edge 18/27
16:34:51.144 INFO  - processing route 12/69,    edge 19/27
16:34:51.144 INFO  - processing route 12/69,    edge 20/27
16:34:51.144 INFO  - processing route 12/69,    edge 21/27
16:34:51.144 INFO  - processing route 12/69,    edge 22/27
16:34:51.144 INFO  - processing route 12/69,    edge 23/27
16:34:51.144 INFO  - processing route 12/69,    edge 24/27
16:34:51.145 INFO  - processing route 12/69,    edge 25/27
16:34:51.145 INFO  - processing route 12/69,    edge 26/27
16:34:51.145 INFO  - processing route 12/69,    edge 27/27
16:34:51.145 INFO  - processing route 13/69,    
16:34:51.145 INFO  - processing route 13/69,    edge 1/17
16:34:51.145 INFO  - processing route 13/69,    edge 2/17
16:34:51.145 INFO  - processing route 13/69,    edge 3/17
16:34:51.145 INFO  - processing route 13/69,    edge 4/17
16:34:51.145 INFO  - processing route 13/69,    edge 5/17
16:34:51.145 INFO  - processing route 13/69,    edge 6/17
16:34:51.145 INFO  - processing route 13/69,    edge 7/17
16:34:51.145 INFO  - processing route 13/69,    edge 8/17
16:34:51.145 INFO  - processing route 13/69,    edge 9/17
16:34:51.145 INFO  - processing route 13/69,    edge 10/17
16:34:51.145 INFO  - processing route 13/69,    edge 11/17
16:34:51.145 INFO  - processing route 13/69,    edge 12/17
16:34:51.145 INFO  - processing route 13/69,    edge 13/17
16:34:51.145 INFO  - processing route 13/69,    edge 14/17
16:34:51.145 INFO  - processing route 13/69,    edge 15/17
16:34:51.145 INFO  - processing route 13/69,    edge 16/17
16:34:51.145 INFO  - processing route 13/69,    edge 17/17
16:34:51.146 INFO  - processing route 14/69,    
16:34:51.146 INFO  - processing route 14/69,    edge 1/25
16:34:51.146 INFO  - processing route 14/69,    edge 2/25
16:34:51.146 INFO  - processing route 14/69,    edge 3/25
16:34:51.146 INFO  - processing route 14/69,    edge 4/25
16:34:51.146 INFO  - processing route 14/69,    edge 5/25
16:34:51.146 INFO  - processing route 14/69,    edge 6/25
16:34:51.146 INFO  - processing route 14/69,    edge 7/25
16:34:51.146 INFO  - processing route 14/69,    edge 8/25
16:34:51.146 INFO  - processing route 14/69,    edge 9/25
16:34:51.146 INFO  - processing route 14/69,    edge 10/25
16:34:51.146 INFO  - processing route 14/69,    edge 11/25
16:34:51.146 INFO  - processing route 14/69,    edge 12/25
16:34:51.146 INFO  - processing route 14/69,    edge 13/25
16:34:51.146 INFO  - processing route 14/69,    edge 14/25
16:34:51.146 INFO  - processing route 14/69,    edge 15/25
16:34:51.146 INFO  - processing route 14/69,    edge 16/25
16:34:51.146 INFO  - processing route 14/69,    edge 17/25
16:34:51.146 INFO  - processing route 14/69,    edge 18/25
16:34:51.147 INFO  - processing route 14/69,    edge 19/25
16:34:51.147 INFO  - processing route 14/69,    edge 20/25
16:34:51.147 INFO  - processing route 14/69,    edge 21/25
16:34:51.147 INFO  - processing route 14/69,    edge 22/25
16:34:51.147 INFO  - processing route 14/69,    edge 23/25
16:34:51.147 INFO  - processing route 14/69,    edge 24/25
16:34:51.147 INFO  - processing route 14/69,    edge 25/25
16:34:51.147 INFO  - processing route 15/69,    
16:34:51.147 INFO  - processing route 15/69,    edge 1/29
16:34:51.147 INFO  - processing route 15/69,    edge 2/29
16:34:51.147 INFO  - processing route 15/69,    edge 3/29
16:34:51.148 INFO  - processing route 15/69,    edge 4/29
16:34:51.148 INFO  - processing route 15/69,    edge 5/29
16:34:51.148 INFO  - processing route 15/69,    edge 6/29
16:34:51.148 INFO  - processing route 15/69,    edge 7/29
16:34:51.148 INFO  - processing route 15/69,    edge 8/29
16:34:51.148 INFO  - processing route 15/69,    edge 9/29
16:34:51.148 INFO  - processing route 15/69,    edge 10/29
16:34:51.148 INFO  - processing route 15/69,    edge 11/29
16:34:51.148 INFO  - processing route 15/69,    edge 12/29
16:34:51.148 INFO  - processing route 15/69,    edge 13/29
16:34:51.148 INFO  - processing route 15/69,    edge 14/29
16:34:51.148 INFO  - processing route 15/69,    edge 15/29
16:34:51.148 INFO  - processing route 15/69,    edge 16/29
16:34:51.148 INFO  - processing route 15/69,    edge 17/29
16:34:51.148 INFO  - processing route 15/69,    edge 18/29
16:34:51.149 INFO  - processing route 15/69,    edge 19/29
16:34:51.149 INFO  - processing route 15/69,    edge 20/29
16:34:51.149 INFO  - processing route 15/69,    edge 21/29
16:34:51.149 INFO  - processing route 15/69,    edge 22/29
16:34:51.149 INFO  - processing route 15/69,    edge 23/29
16:34:51.149 INFO  - processing route 15/69,    edge 24/29
16:34:51.149 INFO  - processing route 15/69,    edge 25/29
16:34:51.149 INFO  - processing route 15/69,    edge 26/29
16:34:51.149 INFO  - processing route 15/69,    edge 27/29
16:34:51.149 INFO  - processing route 15/69,    edge 28/29
16:34:51.149 INFO  - processing route 15/69,    edge 29/29
16:34:51.149 INFO  - processing route 16/69,    
16:34:51.149 INFO  - processing route 16/69,    edge 1/24
16:34:51.149 INFO  - processing route 16/69,    edge 2/24
16:34:51.149 INFO  - processing route 16/69,    edge 3/24
16:34:51.149 INFO  - processing route 16/69,    edge 4/24
16:34:51.149 INFO  - processing route 16/69,    edge 5/24
16:34:51.149 INFO  - processing route 16/69,    edge 6/24
16:34:51.149 INFO  - processing route 16/69,    edge 7/24
16:34:51.149 INFO  - processing route 16/69,    edge 8/24
16:34:51.149 INFO  - processing route 16/69,    edge 9/24
16:34:51.150 INFO  - processing route 16/69,    edge 10/24
16:34:51.150 INFO  - processing route 16/69,    edge 11/24
16:34:51.150 INFO  - processing route 16/69,    edge 12/24
16:34:51.150 INFO  - processing route 16/69,    edge 13/24
16:34:51.150 INFO  - processing route 16/69,    edge 14/24
16:34:51.150 INFO  - processing route 16/69,    edge 15/24
16:34:51.150 INFO  - processing route 16/69,    edge 16/24
16:34:51.150 INFO  - processing route 16/69,    edge 17/24
16:34:51.150 INFO  - processing route 16/69,    edge 18/24
16:34:51.150 INFO  - processing route 16/69,    edge 19/24
16:34:51.150 INFO  - processing route 16/69,    edge 20/24
16:34:51.150 INFO  - processing route 16/69,    edge 21/24
16:34:51.150 INFO  - processing route 16/69,    edge 22/24
16:34:51.150 INFO  - processing route 16/69,    edge 23/24
16:34:51.150 INFO  - processing route 16/69,    edge 24/24
16:34:51.150 INFO  - processing route 17/69,    
16:34:51.150 INFO  - processing route 17/69,    edge 1/20
16:34:51.151 INFO  - processing route 17/69,    edge 2/20
16:34:51.151 INFO  - processing route 17/69,    edge 3/20
16:34:51.151 INFO  - processing route 17/69,    edge 4/20
16:34:51.151 INFO  - processing route 17/69,    edge 5/20
16:34:51.151 INFO  - processing route 17/69,    edge 6/20
16:34:51.151 INFO  - processing route 17/69,    edge 7/20
16:34:51.151 INFO  - processing route 17/69,    edge 8/20
16:34:51.151 INFO  - processing route 17/69,    edge 9/20
16:34:51.151 INFO  - processing route 17/69,    edge 10/20
16:34:51.151 INFO  - processing route 17/69,    edge 11/20
16:34:51.151 INFO  - processing route 17/69,    edge 12/20
16:34:51.151 INFO  - processing route 17/69,    edge 13/20
16:34:51.151 INFO  - processing route 17/69,    edge 14/20
16:34:51.151 INFO  - processing route 17/69,    edge 15/20
16:34:51.151 INFO  - processing route 17/69,    edge 16/20
16:34:51.151 INFO  - processing route 17/69,    edge 17/20
16:34:51.152 INFO  - processing route 17/69,    edge 18/20
16:34:51.152 INFO  - processing route 17/69,    edge 19/20
16:34:51.152 INFO  - processing route 17/69,    edge 20/20
16:34:51.152 INFO  - processing route 18/69,    
16:34:51.152 INFO  - processing route 18/69,    edge 1/18
16:34:51.152 INFO  - processing route 18/69,    edge 2/18
16:34:51.152 INFO  - processing route 18/69,    edge 3/18
16:34:51.152 INFO  - processing route 18/69,    edge 4/18
16:34:51.152 INFO  - processing route 18/69,    edge 5/18
16:34:51.152 INFO  - processing route 18/69,    edge 6/18
16:34:51.152 INFO  - processing route 18/69,    edge 7/18
16:34:51.152 INFO  - processing route 18/69,    edge 8/18
16:34:51.152 INFO  - processing route 18/69,    edge 9/18
16:34:51.152 INFO  - processing route 18/69,    edge 10/18
16:34:51.152 INFO  - processing route 18/69,    edge 11/18
16:34:51.152 INFO  - processing route 18/69,    edge 12/18
16:34:51.152 INFO  - processing route 18/69,    edge 13/18
16:34:51.152 INFO  - processing route 18/69,    edge 14/18
16:34:51.152 INFO  - processing route 18/69,    edge 15/18
16:34:51.152 INFO  - processing route 18/69,    edge 16/18
16:34:51.152 INFO  - processing route 18/69,    edge 17/18
16:34:51.154 INFO  - processing route 18/69,    edge 18/18
16:34:51.154 INFO  - processing route 19/69,    
16:34:51.154 INFO  - processing route 19/69,    edge 1/16
16:34:51.155 INFO  - processing route 19/69,    edge 2/16
16:34:51.155 INFO  - processing route 19/69,    edge 3/16
16:34:51.155 INFO  - processing route 19/69,    edge 4/16
16:34:51.155 INFO  - processing route 19/69,    edge 5/16
16:34:51.155 INFO  - processing route 19/69,    edge 6/16
16:34:51.155 INFO  - processing route 19/69,    edge 7/16
16:34:51.155 INFO  - processing route 19/69,    edge 8/16
16:34:51.155 INFO  - processing route 19/69,    edge 9/16
16:34:51.155 INFO  - processing route 19/69,    edge 10/16
16:34:51.155 INFO  - processing route 19/69,    edge 11/16
16:34:51.155 INFO  - processing route 19/69,    edge 12/16
16:34:51.155 INFO  - processing route 19/69,    edge 13/16
16:34:51.155 INFO  - processing route 19/69,    edge 14/16
16:34:51.155 INFO  - processing route 19/69,    edge 15/16
16:34:51.155 INFO  - processing route 19/69,    edge 16/16
16:34:51.155 INFO  - processing route 20/69,    
16:34:51.155 INFO  - processing route 20/69,    edge 1/13
16:34:51.155 INFO  - processing route 20/69,    edge 2/13
16:34:51.156 INFO  - processing route 20/69,    edge 3/13
16:34:51.156 INFO  - processing route 20/69,    edge 4/13
16:34:51.156 INFO  - processing route 20/69,    edge 5/13
16:34:51.156 INFO  - processing route 20/69,    edge 6/13
16:34:51.156 INFO  - processing route 20/69,    edge 7/13
16:34:51.156 INFO  - processing route 20/69,    edge 8/13
16:34:51.156 INFO  - processing route 20/69,    edge 9/13
16:34:51.156 INFO  - processing route 20/69,    edge 10/13
16:34:51.156 INFO  - processing route 20/69,    edge 11/13
16:34:51.156 INFO  - processing route 20/69,    edge 12/13
16:34:51.156 INFO  - processing route 20/69,    edge 13/13
16:34:51.156 INFO  - processing route 21/69,    
16:34:51.156 INFO  - processing route 21/69,    edge 1/6
16:34:51.156 INFO  - processing route 21/69,    edge 2/6
16:34:51.157 INFO  - processing route 21/69,    edge 3/6
16:34:51.157 INFO  - processing route 21/69,    edge 4/6
16:34:51.157 INFO  - processing route 21/69,    edge 5/6
16:34:51.157 INFO  - processing route 21/69,    edge 6/6
16:34:51.157 INFO  - processing route 22/69,    
16:34:51.157 INFO  - processing route 22/69,    edge 1/4
16:34:51.157 INFO  - processing route 22/69,    edge 2/4
16:34:51.157 INFO  - processing route 22/69,    edge 3/4
16:34:51.157 INFO  - processing route 22/69,    edge 4/4
16:34:51.157 INFO  - processing route 23/69,    
16:34:51.157 INFO  - processing route 23/69,    edge 1/13
16:34:51.157 INFO  - processing route 23/69,    edge 2/13
16:34:51.157 INFO  - processing route 23/69,    edge 3/13
16:34:51.157 INFO  - processing route 23/69,    edge 4/13
16:34:51.158 INFO  - processing route 23/69,    edge 5/13
16:34:51.158 INFO  - processing route 23/69,    edge 6/13
16:34:51.158 INFO  - processing route 23/69,    edge 7/13
16:34:51.158 INFO  - processing route 23/69,    edge 8/13
16:34:51.158 INFO  - processing route 23/69,    edge 9/13
16:34:51.158 INFO  - processing route 23/69,    edge 10/13
16:34:51.158 INFO  - processing route 23/69,    edge 11/13
16:34:51.158 INFO  - processing route 23/69,    edge 12/13
16:34:51.158 INFO  - processing route 23/69,    edge 13/13
16:34:51.158 INFO  - processing route 24/69,    
16:34:51.158 INFO  - processing route 24/69,    edge 1/17
16:34:51.158 INFO  - processing route 24/69,    edge 2/17
16:34:51.158 INFO  - processing route 24/69,    edge 3/17
16:34:51.159 INFO  - processing route 24/69,    edge 4/17
16:34:51.159 INFO  - processing route 24/69,    edge 5/17
16:34:51.159 INFO  - processing route 24/69,    edge 6/17
16:34:51.159 INFO  - processing route 24/69,    edge 7/17
16:34:51.159 INFO  - processing route 24/69,    edge 8/17
16:34:51.159 INFO  - processing route 24/69,    edge 9/17
16:34:51.159 INFO  - processing route 24/69,    edge 10/17
16:34:51.159 INFO  - processing route 24/69,    edge 11/17
16:34:51.159 INFO  - processing route 24/69,    edge 12/17
16:34:51.159 INFO  - processing route 24/69,    edge 13/17
16:34:51.159 INFO  - processing route 24/69,    edge 14/17
16:34:51.159 INFO  - processing route 24/69,    edge 15/17
16:34:51.159 INFO  - processing route 24/69,    edge 16/17
16:34:51.159 INFO  - processing route 24/69,    edge 17/17
16:34:51.159 INFO  - processing route 25/69,    
16:34:51.159 INFO  - processing route 25/69,    edge 1/4
16:34:51.159 INFO  - processing route 25/69,    edge 2/4
16:34:51.159 INFO  - processing route 25/69,    edge 3/4
16:34:51.159 INFO  - processing route 25/69,    edge 4/4
16:34:51.159 INFO  - processing route 26/69,    
16:34:51.159 INFO  - processing route 26/69,    edge 1/6
16:34:51.159 INFO  - processing route 26/69,    edge 2/6
16:34:51.159 INFO  - processing route 26/69,    edge 3/6
16:34:51.159 INFO  - processing route 26/69,    edge 4/6
16:34:51.159 INFO  - processing route 26/69,    edge 5/6
16:34:51.159 INFO  - processing route 26/69,    edge 6/6
16:34:51.159 INFO  - processing route 27/69,    
16:34:51.159 INFO  - processing route 27/69,    edge 1/4
16:34:51.159 INFO  - processing route 27/69,    edge 2/4
16:34:51.160 INFO  - processing route 27/69,    edge 3/4
16:34:51.160 INFO  - processing route 27/69,    edge 4/4
16:34:51.160 INFO  - processing route 28/69,    
16:34:51.160 INFO  - processing route 28/69,    edge 1/4
16:34:51.160 INFO  - processing route 28/69,    edge 2/4
16:34:51.160 INFO  - processing route 28/69,    edge 3/4
16:34:51.160 INFO  - processing route 28/69,    edge 4/4
16:34:51.160 INFO  - processing route 29/69,    
16:34:51.160 INFO  - processing route 29/69,    edge 1/16
16:34:51.160 INFO  - processing route 29/69,    edge 2/16
16:34:51.160 INFO  - processing route 29/69,    edge 3/16
16:34:51.160 INFO  - processing route 29/69,    edge 4/16
16:34:51.160 INFO  - processing route 29/69,    edge 5/16
16:34:51.160 INFO  - processing route 29/69,    edge 6/16
16:34:51.160 INFO  - processing route 29/69,    edge 7/16
16:34:51.160 INFO  - processing route 29/69,    edge 8/16
16:34:51.160 INFO  - processing route 29/69,    edge 9/16
16:34:51.160 INFO  - processing route 29/69,    edge 10/16
16:34:51.160 INFO  - processing route 29/69,    edge 11/16
16:34:51.160 INFO  - processing route 29/69,    edge 12/16
16:34:51.160 INFO  - processing route 29/69,    edge 13/16
16:34:51.160 INFO  - processing route 29/69,    edge 14/16
16:34:51.160 INFO  - processing route 29/69,    edge 15/16
16:34:51.160 INFO  - processing route 29/69,    edge 16/16
16:34:51.160 INFO  - processing route 30/69,    
16:34:51.160 INFO  - processing route 30/69,    edge 1/28
16:34:51.160 INFO  - processing route 30/69,    edge 2/28
16:34:51.160 INFO  - processing route 30/69,    edge 3/28
16:34:51.160 INFO  - processing route 30/69,    edge 4/28
16:34:51.160 INFO  - processing route 30/69,    edge 5/28
16:34:51.160 INFO  - processing route 30/69,    edge 6/28
16:34:51.160 INFO  - processing route 30/69,    edge 7/28
16:34:51.160 INFO  - processing route 30/69,    edge 8/28
16:34:51.160 INFO  - processing route 30/69,    edge 9/28
16:34:51.160 INFO  - processing route 30/69,    edge 10/28
16:34:51.160 INFO  - processing route 30/69,    edge 11/28
16:34:51.160 INFO  - processing route 30/69,    edge 12/28
16:34:51.161 INFO  - processing route 30/69,    edge 13/28
16:34:51.161 INFO  - processing route 30/69,    edge 14/28
16:34:51.161 INFO  - processing route 30/69,    edge 15/28
16:34:51.161 INFO  - processing route 30/69,    edge 16/28
16:34:51.161 INFO  - processing route 30/69,    edge 17/28
16:34:51.161 INFO  - processing route 30/69,    edge 18/28
16:34:51.161 INFO  - processing route 30/69,    edge 19/28
16:34:51.161 INFO  - processing route 30/69,    edge 20/28
16:34:51.161 INFO  - processing route 30/69,    edge 21/28
16:34:51.161 INFO  - processing route 30/69,    edge 22/28
16:34:51.161 INFO  - processing route 30/69,    edge 23/28
16:34:51.161 INFO  - processing route 30/69,    edge 24/28
16:34:51.161 INFO  - processing route 30/69,    edge 25/28
16:34:51.161 INFO  - processing route 30/69,    edge 26/28
16:34:51.161 INFO  - processing route 30/69,    edge 27/28
16:34:51.161 INFO  - processing route 30/69,    edge 28/28
16:34:51.161 INFO  - processing route 31/69,    
16:34:51.161 INFO  - processing route 31/69,    edge 1/19
16:34:51.161 INFO  - processing route 31/69,    edge 2/19
16:34:51.161 INFO  - processing route 31/69,    edge 3/19
16:34:51.161 INFO  - processing route 31/69,    edge 4/19
16:34:51.161 INFO  - processing route 31/69,    edge 5/19
16:34:51.161 INFO  - processing route 31/69,    edge 6/19
16:34:51.161 INFO  - processing route 31/69,    edge 7/19
16:34:51.161 INFO  - processing route 31/69,    edge 8/19
16:34:51.161 INFO  - processing route 31/69,    edge 9/19
16:34:51.161 INFO  - processing route 31/69,    edge 10/19
16:34:51.161 INFO  - processing route 31/69,    edge 11/19
16:34:51.161 INFO  - processing route 31/69,    edge 12/19
16:34:51.161 INFO  - processing route 31/69,    edge 13/19
16:34:51.161 INFO  - processing route 31/69,    edge 14/19
16:34:51.161 INFO  - processing route 31/69,    edge 15/19
16:34:51.161 INFO  - processing route 31/69,    edge 16/19
16:34:51.161 INFO  - processing route 31/69,    edge 17/19
16:34:51.161 INFO  - processing route 31/69,    edge 18/19
16:34:51.161 INFO  - processing route 31/69,    edge 19/19
16:34:51.161 INFO  - processing route 32/69,    
16:34:51.161 INFO  - processing route 32/69,    edge 1/15
16:34:51.161 INFO  - processing route 32/69,    edge 2/15
16:34:51.161 INFO  - processing route 32/69,    edge 3/15
16:34:51.161 INFO  - processing route 32/69,    edge 4/15
16:34:51.161 INFO  - processing route 32/69,    edge 5/15
16:34:51.161 INFO  - processing route 32/69,    edge 6/15
16:34:51.161 INFO  - processing route 32/69,    edge 7/15
16:34:51.161 INFO  - processing route 32/69,    edge 8/15
16:34:51.161 INFO  - processing route 32/69,    edge 9/15
16:34:51.161 INFO  - processing route 32/69,    edge 10/15
16:34:51.161 INFO  - processing route 32/69,    edge 11/15
16:34:51.161 INFO  - processing route 32/69,    edge 12/15
16:34:51.161 INFO  - processing route 32/69,    edge 13/15
16:34:51.161 INFO  - processing route 32/69,    edge 14/15
16:34:51.161 INFO  - processing route 32/69,    edge 15/15
16:34:51.162 INFO  - processing route 33/69,    
16:34:51.162 INFO  - processing route 33/69,    edge 1/5
16:34:51.162 INFO  - processing route 33/69,    edge 2/5
16:34:51.162 INFO  - processing route 33/69,    edge 3/5
16:34:51.162 INFO  - processing route 33/69,    edge 4/5
16:34:51.162 INFO  - processing route 33/69,    edge 5/5
16:34:51.162 INFO  - processing route 34/69,    
16:34:51.162 INFO  - processing route 34/69,    edge 1/12
16:34:51.162 INFO  - processing route 34/69,    edge 2/12
16:34:51.162 INFO  - processing route 34/69,    edge 3/12
16:34:51.162 INFO  - processing route 34/69,    edge 4/12
16:34:51.162 INFO  - processing route 34/69,    edge 5/12
16:34:51.162 INFO  - processing route 34/69,    edge 6/12
16:34:51.162 INFO  - processing route 34/69,    edge 7/12
16:34:51.162 INFO  - processing route 34/69,    edge 8/12
16:34:51.162 INFO  - processing route 34/69,    edge 9/12
16:34:51.162 INFO  - processing route 34/69,    edge 10/12
16:34:51.162 INFO  - processing route 34/69,    edge 11/12
16:34:51.162 INFO  - processing route 34/69,    edge 12/12
16:34:51.162 INFO  - processing route 35/69,    
16:34:51.162 INFO  - processing route 35/69,    edge 1/2
16:34:51.162 INFO  - processing route 35/69,    edge 2/2
16:34:51.163 INFO  - processing route 36/69,    
16:34:51.163 INFO  - processing route 36/69,    edge 1/21
16:34:51.163 INFO  - processing route 36/69,    edge 2/21
16:34:51.163 INFO  - processing route 36/69,    edge 3/21
16:34:51.163 INFO  - processing route 36/69,    edge 4/21
16:34:51.163 INFO  - processing route 36/69,    edge 5/21
16:34:51.163 INFO  - processing route 36/69,    edge 6/21
16:34:51.163 INFO  - processing route 36/69,    edge 7/21
16:34:51.163 INFO  - processing route 36/69,    edge 8/21
16:34:51.163 INFO  - processing route 36/69,    edge 9/21
16:34:51.163 INFO  - processing route 36/69,    edge 10/21
16:34:51.163 INFO  - processing route 36/69,    edge 11/21
16:34:51.163 INFO  - processing route 36/69,    edge 12/21
16:34:51.163 INFO  - processing route 36/69,    edge 13/21
16:34:51.163 INFO  - processing route 36/69,    edge 14/21
16:34:51.163 INFO  - processing route 36/69,    edge 15/21
16:34:51.163 INFO  - processing route 36/69,    edge 16/21
16:34:51.163 INFO  - processing route 36/69,    edge 17/21
16:34:51.163 INFO  - processing route 36/69,    edge 18/21
16:34:51.163 INFO  - processing route 36/69,    edge 19/21
16:34:51.163 INFO  - processing route 36/69,    edge 20/21
16:34:51.163 INFO  - processing route 36/69,    edge 21/21
16:34:51.163 INFO  - processing route 37/69,    
16:34:51.164 INFO  - processing route 37/69,    edge 1/6
16:34:51.164 INFO  - processing route 37/69,    edge 2/6
16:34:51.164 INFO  - processing route 37/69,    edge 3/6
16:34:51.164 INFO  - processing route 37/69,    edge 4/6
16:34:51.164 INFO  - processing route 37/69,    edge 5/6
16:34:51.164 INFO  - processing route 37/69,    edge 6/6
16:34:51.164 INFO  - processing route 38/69,    
16:34:51.164 INFO  - processing route 38/69,    edge 1/10
16:34:51.164 INFO  - processing route 38/69,    edge 2/10
16:34:51.164 INFO  - processing route 38/69,    edge 3/10
16:34:51.164 INFO  - processing route 38/69,    edge 4/10
16:34:51.164 INFO  - processing route 38/69,    edge 5/10
16:34:51.164 INFO  - processing route 38/69,    edge 6/10
16:34:51.164 INFO  - processing route 38/69,    edge 7/10
16:34:51.164 INFO  - processing route 38/69,    edge 8/10
16:34:51.164 INFO  - processing route 38/69,    edge 9/10
16:34:51.164 INFO  - processing route 38/69,    edge 10/10
16:34:51.164 INFO  - processing route 39/69,    
16:34:51.164 INFO  - processing route 39/69,    edge 1/18
16:34:51.164 INFO  - processing route 39/69,    edge 2/18
16:34:51.165 INFO  - processing route 39/69,    edge 3/18
16:34:51.165 INFO  - processing route 39/69,    edge 4/18
16:34:51.165 INFO  - processing route 39/69,    edge 5/18
16:34:51.165 INFO  - processing route 39/69,    edge 6/18
16:34:51.165 INFO  - processing route 39/69,    edge 7/18
16:34:51.165 INFO  - processing route 39/69,    edge 8/18
16:34:51.165 INFO  - processing route 39/69,    edge 9/18
16:34:51.165 INFO  - processing route 39/69,    edge 10/18
16:34:51.165 INFO  - processing route 39/69,    edge 11/18
16:34:51.165 INFO  - processing route 39/69,    edge 12/18
16:34:51.165 INFO  - processing route 39/69,    edge 13/18
16:34:51.165 INFO  - processing route 39/69,    edge 14/18
16:34:51.165 INFO  - processing route 39/69,    edge 15/18
16:34:51.165 INFO  - processing route 39/69,    edge 16/18
16:34:51.165 INFO  - processing route 39/69,    edge 17/18
16:34:51.165 INFO  - processing route 39/69,    edge 18/18
16:34:51.165 INFO  - processing route 40/69,    
16:34:51.165 INFO  - processing route 40/69,    edge 1/18
16:34:51.165 INFO  - processing route 40/69,    edge 2/18
16:34:51.165 INFO  - processing route 40/69,    edge 3/18
16:34:51.165 INFO  - processing route 40/69,    edge 4/18
16:34:51.165 INFO  - processing route 40/69,    edge 5/18
16:34:51.165 INFO  - processing route 40/69,    edge 6/18
16:34:51.165 INFO  - processing route 40/69,    edge 7/18
16:34:51.165 INFO  - processing route 40/69,    edge 8/18
16:34:51.165 INFO  - processing route 40/69,    edge 9/18
16:34:51.165 INFO  - processing route 40/69,    edge 10/18
16:34:51.165 INFO  - processing route 40/69,    edge 11/18
16:34:51.165 INFO  - processing route 40/69,    edge 12/18
16:34:51.166 INFO  - processing route 40/69,    edge 13/18
16:34:51.166 INFO  - processing route 40/69,    edge 14/18
16:34:51.166 INFO  - processing route 40/69,    edge 15/18
16:34:51.166 INFO  - processing route 40/69,    edge 16/18
16:34:51.166 INFO  - processing route 40/69,    edge 17/18
16:34:51.166 INFO  - processing route 40/69,    edge 18/18
16:34:51.166 INFO  - processing route 41/69,    
16:34:51.166 INFO  - processing route 41/69,    edge 1/10
16:34:51.166 INFO  - processing route 41/69,    edge 2/10
16:34:51.166 INFO  - processing route 41/69,    edge 3/10
16:34:51.166 INFO  - processing route 41/69,    edge 4/10
16:34:51.166 INFO  - processing route 41/69,    edge 5/10
16:34:51.166 INFO  - processing route 41/69,    edge 6/10
16:34:51.166 INFO  - processing route 41/69,    edge 7/10
16:34:51.166 INFO  - processing route 41/69,    edge 8/10
16:34:51.166 INFO  - processing route 41/69,    edge 9/10
16:34:51.166 INFO  - processing route 41/69,    edge 10/10
16:34:51.166 INFO  - processing route 42/69,    
16:34:51.166 INFO  - processing route 42/69,    edge 1/30
16:34:51.166 INFO  - processing route 42/69,    edge 2/30
16:34:51.166 INFO  - processing route 42/69,    edge 3/30
16:34:51.166 INFO  - processing route 42/69,    edge 4/30
16:34:51.166 INFO  - processing route 42/69,    edge 5/30
16:34:51.166 INFO  - processing route 42/69,    edge 6/30
16:34:51.166 INFO  - processing route 42/69,    edge 7/30
16:34:51.166 INFO  - processing route 42/69,    edge 8/30
16:34:51.166 INFO  - processing route 42/69,    edge 9/30
16:34:51.166 INFO  - processing route 42/69,    edge 10/30
16:34:51.166 INFO  - processing route 42/69,    edge 11/30
16:34:51.166 INFO  - processing route 42/69,    edge 12/30
16:34:51.166 INFO  - processing route 42/69,    edge 13/30
16:34:51.166 INFO  - processing route 42/69,    edge 14/30
16:34:51.167 INFO  - processing route 42/69,    edge 15/30
16:34:51.167 INFO  - processing route 42/69,    edge 16/30
16:34:51.167 INFO  - processing route 42/69,    edge 17/30
16:34:51.167 INFO  - processing route 42/69,    edge 18/30
16:34:51.167 INFO  - processing route 42/69,    edge 19/30
16:34:51.167 INFO  - processing route 42/69,    edge 20/30
16:34:51.167 INFO  - processing route 42/69,    edge 21/30
16:34:51.167 INFO  - processing route 42/69,    edge 22/30
16:34:51.167 INFO  - processing route 42/69,    edge 23/30
16:34:51.167 INFO  - processing route 42/69,    edge 24/30
16:34:51.167 INFO  - processing route 42/69,    edge 25/30
16:34:51.167 INFO  - processing route 42/69,    edge 26/30
16:34:51.167 INFO  - processing route 42/69,    edge 27/30
16:34:51.167 INFO  - processing route 42/69,    edge 28/30
16:34:51.167 INFO  - processing route 42/69,    edge 29/30
16:34:51.167 INFO  - processing route 42/69,    edge 30/30
16:34:51.167 INFO  - processing route 43/69,    
16:34:51.167 INFO  - processing route 43/69,    edge 1/15
16:34:51.167 INFO  - processing route 43/69,    edge 2/15
16:34:51.167 INFO  - processing route 43/69,    edge 3/15
16:34:51.167 INFO  - processing route 43/69,    edge 4/15
16:34:51.167 INFO  - processing route 43/69,    edge 5/15
16:34:51.167 INFO  - processing route 43/69,    edge 6/15
16:34:51.167 INFO  - processing route 43/69,    edge 7/15
16:34:51.167 INFO  - processing route 43/69,    edge 8/15
16:34:51.167 INFO  - processing route 43/69,    edge 9/15
16:34:51.167 INFO  - processing route 43/69,    edge 10/15
16:34:51.167 INFO  - processing route 43/69,    edge 11/15
16:34:51.167 INFO  - processing route 43/69,    edge 12/15
16:34:51.167 INFO  - processing route 43/69,    edge 13/15
16:34:51.167 INFO  - processing route 43/69,    edge 14/15
16:34:51.167 INFO  - processing route 43/69,    edge 15/15
16:34:51.167 INFO  - processing route 44/69,    
16:34:51.167 INFO  - processing route 44/69,    edge 1/21
16:34:51.167 INFO  - processing route 44/69,    edge 2/21
16:34:51.167 INFO  - processing route 44/69,    edge 3/21
16:34:51.167 INFO  - processing route 44/69,    edge 4/21
16:34:51.168 INFO  - processing route 44/69,    edge 5/21
16:34:51.168 INFO  - processing route 44/69,    edge 6/21
16:34:51.168 INFO  - processing route 44/69,    edge 7/21
16:34:51.168 INFO  - processing route 44/69,    edge 8/21
16:34:51.168 INFO  - processing route 44/69,    edge 9/21
16:34:51.168 INFO  - processing route 44/69,    edge 10/21
16:34:51.168 INFO  - processing route 44/69,    edge 11/21
16:34:51.168 INFO  - processing route 44/69,    edge 12/21
16:34:51.168 INFO  - processing route 44/69,    edge 13/21
16:34:51.168 INFO  - processing route 44/69,    edge 14/21
16:34:51.168 INFO  - processing route 44/69,    edge 15/21
16:34:51.168 INFO  - processing route 44/69,    edge 16/21
16:34:51.168 INFO  - processing route 44/69,    edge 17/21
16:34:51.168 INFO  - processing route 44/69,    edge 18/21
16:34:51.168 INFO  - processing route 44/69,    edge 19/21
16:34:51.168 INFO  - processing route 44/69,    edge 20/21
16:34:51.168 INFO  - processing route 44/69,    edge 21/21
16:34:51.168 INFO  - processing route 45/69,    
16:34:51.168 INFO  - processing route 45/69,    edge 1/11
16:34:51.168 INFO  - processing route 45/69,    edge 2/11
16:34:51.168 INFO  - processing route 45/69,    edge 3/11
16:34:51.168 INFO  - processing route 45/69,    edge 4/11
16:34:51.168 INFO  - processing route 45/69,    edge 5/11
16:34:51.168 INFO  - processing route 45/69,    edge 6/11
16:34:51.168 INFO  - processing route 45/69,    edge 7/11
16:34:51.168 INFO  - processing route 45/69,    edge 8/11
16:34:51.168 INFO  - processing route 45/69,    edge 9/11
16:34:51.168 INFO  - processing route 45/69,    edge 10/11
16:34:51.168 INFO  - processing route 45/69,    edge 11/11
16:34:51.168 INFO  - processing route 46/69,    
16:34:51.168 INFO  - processing route 46/69,    edge 1/17
16:34:51.168 INFO  - processing route 46/69,    edge 2/17
16:34:51.168 INFO  - processing route 46/69,    edge 3/17
16:34:51.168 INFO  - processing route 46/69,    edge 4/17
16:34:51.168 INFO  - processing route 46/69,    edge 5/17
16:34:51.168 INFO  - processing route 46/69,    edge 6/17
16:34:51.168 INFO  - processing route 46/69,    edge 7/17
16:34:51.168 INFO  - processing route 46/69,    edge 8/17
16:34:51.168 INFO  - processing route 46/69,    edge 9/17
16:34:51.168 INFO  - processing route 46/69,    edge 10/17
16:34:51.168 INFO  - processing route 46/69,    edge 11/17
16:34:51.168 INFO  - processing route 46/69,    edge 12/17
16:34:51.168 INFO  - processing route 46/69,    edge 13/17
16:34:51.168 INFO  - processing route 46/69,    edge 14/17
16:34:51.168 INFO  - processing route 46/69,    edge 15/17
16:34:51.168 INFO  - processing route 46/69,    edge 16/17
16:34:51.168 INFO  - processing route 46/69,    edge 17/17
16:34:51.168 INFO  - processing route 47/69,    
16:34:51.168 INFO  - processing route 47/69,    edge 1/23
16:34:51.168 INFO  - processing route 47/69,    edge 2/23
16:34:51.168 INFO  - processing route 47/69,    edge 3/23
16:34:51.168 INFO  - processing route 47/69,    edge 4/23
16:34:51.168 INFO  - processing route 47/69,    edge 5/23
16:34:51.168 INFO  - processing route 47/69,    edge 6/23
16:34:51.168 INFO  - processing route 47/69,    edge 7/23
16:34:51.168 INFO  - processing route 47/69,    edge 8/23
16:34:51.168 INFO  - processing route 47/69,    edge 9/23
16:34:51.168 INFO  - processing route 47/69,    edge 10/23
16:34:51.168 INFO  - processing route 47/69,    edge 11/23
16:34:51.168 INFO  - processing route 47/69,    edge 12/23
16:34:51.168 INFO  - processing route 47/69,    edge 13/23
16:34:51.168 INFO  - processing route 47/69,    edge 14/23
16:34:51.168 INFO  - processing route 47/69,    edge 15/23
16:34:51.168 INFO  - processing route 47/69,    edge 16/23
16:34:51.168 INFO  - processing route 47/69,    edge 17/23
16:34:51.168 INFO  - processing route 47/69,    edge 18/23
16:34:51.168 INFO  - processing route 47/69,    edge 19/23
16:34:51.168 INFO  - processing route 47/69,    edge 20/23
16:34:51.168 INFO  - processing route 47/69,    edge 21/23
16:34:51.168 INFO  - processing route 47/69,    edge 22/23
16:34:51.168 INFO  - processing route 47/69,    edge 23/23
16:34:51.168 INFO  - processing route 48/69,    
16:34:51.168 INFO  - processing route 48/69,    edge 1/7
16:34:51.168 INFO  - processing route 48/69,    edge 2/7
16:34:51.168 INFO  - processing route 48/69,    edge 3/7
16:34:51.168 INFO  - processing route 48/69,    edge 4/7
16:34:51.168 INFO  - processing route 48/69,    edge 5/7
16:34:51.168 INFO  - processing route 48/69,    edge 6/7
16:34:51.168 INFO  - processing route 48/69,    edge 7/7
16:34:51.168 INFO  - processing route 49/69,    
16:34:51.168 INFO  - processing route 49/69,    edge 1/14
16:34:51.168 INFO  - processing route 49/69,    edge 2/14
16:34:51.168 INFO  - processing route 49/69,    edge 3/14
16:34:51.169 INFO  - processing route 49/69,    edge 4/14
16:34:51.169 INFO  - processing route 49/69,    edge 5/14
16:34:51.169 INFO  - processing route 49/69,    edge 6/14
16:34:51.169 INFO  - processing route 49/69,    edge 7/14
16:34:51.169 INFO  - processing route 49/69,    edge 8/14
16:34:51.169 INFO  - processing route 49/69,    edge 9/14
16:34:51.169 INFO  - processing route 49/69,    edge 10/14
16:34:51.169 INFO  - processing route 49/69,    edge 11/14
16:34:51.169 INFO  - processing route 49/69,    edge 12/14
16:34:51.169 INFO  - processing route 49/69,    edge 13/14
16:34:51.169 INFO  - processing route 49/69,    edge 14/14
16:34:51.169 INFO  - processing route 50/69,    
16:34:51.169 INFO  - processing route 50/69,    edge 1/20
16:34:51.169 INFO  - processing route 50/69,    edge 2/20
16:34:51.169 INFO  - processing route 50/69,    edge 3/20
16:34:51.169 INFO  - processing route 50/69,    edge 4/20
16:34:51.169 INFO  - processing route 50/69,    edge 5/20
16:34:51.169 INFO  - processing route 50/69,    edge 6/20
16:34:51.169 INFO  - processing route 50/69,    edge 7/20
16:34:51.169 INFO  - processing route 50/69,    edge 8/20
16:34:51.169 INFO  - processing route 50/69,    edge 9/20
16:34:51.169 INFO  - processing route 50/69,    edge 10/20
16:34:51.169 INFO  - processing route 50/69,    edge 11/20
16:34:51.169 INFO  - processing route 50/69,    edge 12/20
16:34:51.169 INFO  - processing route 50/69,    edge 13/20
16:34:51.169 INFO  - processing route 50/69,    edge 14/20
16:34:51.169 INFO  - processing route 50/69,    edge 15/20
16:34:51.169 INFO  - processing route 50/69,    edge 16/20
16:34:51.169 INFO  - processing route 50/69,    edge 17/20
16:34:51.169 INFO  - processing route 50/69,    edge 18/20
16:34:51.169 INFO  - processing route 50/69,    edge 19/20
16:34:51.169 INFO  - processing route 50/69,    edge 20/20
16:34:51.169 INFO  - processing route 51/69,    
16:34:51.169 INFO  - processing route 51/69,    edge 1/10
16:34:51.169 INFO  - processing route 51/69,    edge 2/10
16:34:51.169 INFO  - processing route 51/69,    edge 3/10
16:34:51.169 INFO  - processing route 51/69,    edge 4/10
16:34:51.169 INFO  - processing route 51/69,    edge 5/10
16:34:51.169 INFO  - processing route 51/69,    edge 6/10
16:34:51.169 INFO  - processing route 51/69,    edge 7/10
16:34:51.169 INFO  - processing route 51/69,    edge 8/10
16:34:51.169 INFO  - processing route 51/69,    edge 9/10
16:34:51.169 INFO  - processing route 51/69,    edge 10/10
16:34:51.169 INFO  - processing route 52/69,    
16:34:51.169 INFO  - processing route 52/69,    edge 1/24
16:34:51.169 INFO  - processing route 52/69,    edge 2/24
16:34:51.169 INFO  - processing route 52/69,    edge 3/24
16:34:51.169 INFO  - processing route 52/69,    edge 4/24
16:34:51.169 INFO  - processing route 52/69,    edge 5/24
16:34:51.169 INFO  - processing route 52/69,    edge 6/24
16:34:51.169 INFO  - processing route 52/69,    edge 7/24
16:34:51.169 INFO  - processing route 52/69,    edge 8/24
16:34:51.169 INFO  - processing route 52/69,    edge 9/24
16:34:51.169 INFO  - processing route 52/69,    edge 10/24
16:34:51.169 INFO  - processing route 52/69,    edge 11/24
16:34:51.169 INFO  - processing route 52/69,    edge 12/24
16:34:51.169 INFO  - processing route 52/69,    edge 13/24
16:34:51.169 INFO  - processing route 52/69,    edge 14/24
16:34:51.169 INFO  - processing route 52/69,    edge 15/24
16:34:51.169 INFO  - processing route 52/69,    edge 16/24
16:34:51.169 INFO  - processing route 52/69,    edge 17/24
16:34:51.169 INFO  - processing route 52/69,    edge 18/24
16:34:51.169 INFO  - processing route 52/69,    edge 19/24
16:34:51.169 INFO  - processing route 52/69,    edge 20/24
16:34:51.169 INFO  - processing route 52/69,    edge 21/24
16:34:51.170 INFO  - processing route 52/69,    edge 22/24
16:34:51.170 INFO  - processing route 52/69,    edge 23/24
16:34:51.170 INFO  - processing route 52/69,    edge 24/24
16:34:51.170 INFO  - processing route 53/69,    
16:34:51.170 INFO  - processing route 53/69,    edge 1/11
16:34:51.170 INFO  - processing route 53/69,    edge 2/11
16:34:51.170 INFO  - processing route 53/69,    edge 3/11
16:34:51.170 INFO  - processing route 53/69,    edge 4/11
16:34:51.170 INFO  - processing route 53/69,    edge 5/11
16:34:51.170 INFO  - processing route 53/69,    edge 6/11
16:34:51.170 INFO  - processing route 53/69,    edge 7/11
16:34:51.170 INFO  - processing route 53/69,    edge 8/11
16:34:51.170 INFO  - processing route 53/69,    edge 9/11
16:34:51.170 INFO  - processing route 53/69,    edge 10/11
16:34:51.170 INFO  - processing route 53/69,    edge 11/11
16:34:51.170 INFO  - processing route 54/69,    
16:34:51.170 INFO  - processing route 54/69,    edge 1/24
16:34:51.170 INFO  - processing route 54/69,    edge 2/24
16:34:51.170 INFO  - processing route 54/69,    edge 3/24
16:34:51.170 INFO  - processing route 54/69,    edge 4/24
16:34:51.170 INFO  - processing route 54/69,    edge 5/24
16:34:51.170 INFO  - processing route 54/69,    edge 6/24
16:34:51.170 INFO  - processing route 54/69,    edge 7/24
16:34:51.170 INFO  - processing route 54/69,    edge 8/24
16:34:51.170 INFO  - processing route 54/69,    edge 9/24
16:34:51.170 INFO  - processing route 54/69,    edge 10/24
16:34:51.170 INFO  - processing route 54/69,    edge 11/24
16:34:51.170 INFO  - processing route 54/69,    edge 12/24
16:34:51.170 INFO  - processing route 54/69,    edge 13/24
16:34:51.170 INFO  - processing route 54/69,    edge 14/24
16:34:51.170 INFO  - processing route 54/69,    edge 15/24
16:34:51.170 INFO  - processing route 54/69,    edge 16/24
16:34:51.170 INFO  - processing route 54/69,    edge 17/24
16:34:51.170 INFO  - processing route 54/69,    edge 18/24
16:34:51.170 INFO  - processing route 54/69,    edge 19/24
16:34:51.170 INFO  - processing route 54/69,    edge 20/24
16:34:51.170 INFO  - processing route 54/69,    edge 21/24
16:34:51.170 INFO  - processing route 54/69,    edge 22/24
16:34:51.170 INFO  - processing route 54/69,    edge 23/24
16:34:51.170 INFO  - processing route 54/69,    edge 24/24
16:34:51.170 INFO  - processing route 55/69,    
16:34:51.170 INFO  - processing route 55/69,    edge 1/8
16:34:51.170 INFO  - processing route 55/69,    edge 2/8
16:34:51.170 INFO  - processing route 55/69,    edge 3/8
16:34:51.170 INFO  - processing route 55/69,    edge 4/8
16:34:51.170 INFO  - processing route 55/69,    edge 5/8
16:34:51.170 INFO  - processing route 55/69,    edge 6/8
16:34:51.170 INFO  - processing route 55/69,    edge 7/8
16:34:51.170 INFO  - processing route 55/69,    edge 8/8
16:34:51.170 INFO  - processing route 56/69,    
16:34:51.170 INFO  - processing route 56/69,    edge 1/12
16:34:51.170 INFO  - processing route 56/69,    edge 2/12
16:34:51.170 INFO  - processing route 56/69,    edge 3/12
16:34:51.170 INFO  - processing route 56/69,    edge 4/12
16:34:51.170 INFO  - processing route 56/69,    edge 5/12
16:34:51.170 INFO  - processing route 56/69,    edge 6/12
16:34:51.170 INFO  - processing route 56/69,    edge 7/12
16:34:51.170 INFO  - processing route 56/69,    edge 8/12
16:34:51.170 INFO  - processing route 56/69,    edge 9/12
16:34:51.170 INFO  - processing route 56/69,    edge 10/12
16:34:51.170 INFO  - processing route 56/69,    edge 11/12
16:34:51.170 INFO  - processing route 56/69,    edge 12/12
16:34:51.170 INFO  - processing route 57/69,    
16:34:51.170 INFO  - processing route 57/69,    edge 1/20
16:34:51.170 INFO  - processing route 57/69,    edge 2/20
16:34:51.170 INFO  - processing route 57/69,    edge 3/20
16:34:51.170 INFO  - processing route 57/69,    edge 4/20
16:34:51.170 INFO  - processing route 57/69,    edge 5/20
16:34:51.170 INFO  - processing route 57/69,    edge 6/20
16:34:51.170 INFO  - processing route 57/69,    edge 7/20
16:34:51.170 INFO  - processing route 57/69,    edge 8/20
16:34:51.171 INFO  - processing route 57/69,    edge 9/20
16:34:51.171 INFO  - processing route 57/69,    edge 10/20
16:34:51.171 INFO  - processing route 57/69,    edge 11/20
16:34:51.171 INFO  - processing route 57/69,    edge 12/20
16:34:51.171 INFO  - processing route 57/69,    edge 13/20
16:34:51.171 INFO  - processing route 57/69,    edge 14/20
16:34:51.171 INFO  - processing route 57/69,    edge 15/20
16:34:51.171 INFO  - processing route 57/69,    edge 16/20
16:34:51.171 INFO  - processing route 57/69,    edge 17/20
16:34:51.171 INFO  - processing route 57/69,    edge 18/20
16:34:51.171 INFO  - processing route 57/69,    edge 19/20
16:34:51.171 INFO  - processing route 57/69,    edge 20/20
16:34:51.171 INFO  - processing route 58/69,    
16:34:51.171 INFO  - processing route 58/69,    edge 1/16
16:34:51.171 INFO  - processing route 58/69,    edge 2/16
16:34:51.171 INFO  - processing route 58/69,    edge 3/16
16:34:51.171 INFO  - processing route 58/69,    edge 4/16
16:34:51.171 INFO  - processing route 58/69,    edge 5/16
16:34:51.171 INFO  - processing route 58/69,    edge 6/16
16:34:51.171 INFO  - processing route 58/69,    edge 7/16
16:34:51.171 INFO  - processing route 58/69,    edge 8/16
16:34:51.171 INFO  - processing route 58/69,    edge 9/16
16:34:51.171 INFO  - processing route 58/69,    edge 10/16
16:34:51.171 INFO  - processing route 58/69,    edge 11/16
16:34:51.171 INFO  - processing route 58/69,    edge 12/16
16:34:51.171 INFO  - processing route 58/69,    edge 13/16
16:34:51.171 INFO  - processing route 58/69,    edge 14/16
16:34:51.171 INFO  - processing route 58/69,    edge 15/16
16:34:51.171 INFO  - processing route 58/69,    edge 16/16
16:34:51.171 INFO  - processing route 59/69,    
16:34:51.171 INFO  - processing route 59/69,    edge 1/14
16:34:51.171 INFO  - processing route 59/69,    edge 2/14
16:34:51.171 INFO  - processing route 59/69,    edge 3/14
16:34:51.171 INFO  - processing route 59/69,    edge 4/14
16:34:51.171 INFO  - processing route 59/69,    edge 5/14
16:34:51.171 INFO  - processing route 59/69,    edge 6/14
16:34:51.171 INFO  - processing route 59/69,    edge 7/14
16:34:51.171 INFO  - processing route 59/69,    edge 8/14
16:34:51.171 INFO  - processing route 59/69,    edge 9/14
16:34:51.171 INFO  - processing route 59/69,    edge 10/14
16:34:51.171 INFO  - processing route 59/69,    edge 11/14
16:34:51.171 INFO  - processing route 59/69,    edge 12/14
16:34:51.171 INFO  - processing route 59/69,    edge 13/14
16:34:51.171 INFO  - processing route 59/69,    edge 14/14
16:34:51.171 INFO  - processing route 60/69,    
16:34:51.171 INFO  - processing route 60/69,    edge 1/23
16:34:51.172 INFO  - processing route 60/69,    edge 2/23
16:34:51.172 INFO  - processing route 60/69,    edge 3/23
16:34:51.172 INFO  - processing route 60/69,    edge 4/23
16:34:51.172 INFO  - processing route 60/69,    edge 5/23
16:34:51.172 INFO  - processing route 60/69,    edge 6/23
16:34:51.172 INFO  - processing route 60/69,    edge 7/23
16:34:51.172 INFO  - processing route 60/69,    edge 8/23
16:34:51.172 INFO  - processing route 60/69,    edge 9/23
16:34:51.172 INFO  - processing route 60/69,    edge 10/23
16:34:51.172 INFO  - processing route 60/69,    edge 11/23
16:34:51.172 INFO  - processing route 60/69,    edge 12/23
16:34:51.172 INFO  - processing route 60/69,    edge 13/23
16:34:51.172 INFO  - processing route 60/69,    edge 14/23
16:34:51.172 INFO  - processing route 60/69,    edge 15/23
16:34:51.172 INFO  - processing route 60/69,    edge 16/23
16:34:51.172 INFO  - processing route 60/69,    edge 17/23
16:34:51.172 INFO  - processing route 60/69,    edge 18/23
16:34:51.172 INFO  - processing route 60/69,    edge 19/23
16:34:51.172 INFO  - processing route 60/69,    edge 20/23
16:34:51.172 INFO  - processing route 60/69,    edge 21/23
16:34:51.172 INFO  - processing route 60/69,    edge 22/23
16:34:51.172 INFO  - processing route 60/69,    edge 23/23
16:34:51.172 INFO  - processing route 61/69,    
16:34:51.172 INFO  - processing route 61/69,    edge 1/27
16:34:51.172 INFO  - processing route 61/69,    edge 2/27
16:34:51.172 INFO  - processing route 61/69,    edge 3/27
16:34:51.172 INFO  - processing route 61/69,    edge 4/27
16:34:51.172 INFO  - processing route 61/69,    edge 5/27
16:34:51.172 INFO  - processing route 61/69,    edge 6/27
16:34:51.172 INFO  - processing route 61/69,    edge 7/27
16:34:51.172 INFO  - processing route 61/69,    edge 8/27
16:34:51.172 INFO  - processing route 61/69,    edge 9/27
16:34:51.172 INFO  - processing route 61/69,    edge 10/27
16:34:51.172 INFO  - processing route 61/69,    edge 11/27
16:34:51.172 INFO  - processing route 61/69,    edge 12/27
16:34:51.172 INFO  - processing route 61/69,    edge 13/27
16:34:51.172 INFO  - processing route 61/69,    edge 14/27
16:34:51.172 INFO  - processing route 61/69,    edge 15/27
16:34:51.172 INFO  - processing route 61/69,    edge 16/27
16:34:51.172 INFO  - processing route 61/69,    edge 17/27
16:34:51.172 INFO  - processing route 61/69,    edge 18/27
16:34:51.172 INFO  - processing route 61/69,    edge 19/27
16:34:51.172 INFO  - processing route 61/69,    edge 20/27
16:34:51.172 INFO  - processing route 61/69,    edge 21/27
16:34:51.172 INFO  - processing route 61/69,    edge 22/27
16:34:51.172 INFO  - processing route 61/69,    edge 23/27
16:34:51.172 INFO  - processing route 61/69,    edge 24/27
16:34:51.172 INFO  - processing route 61/69,    edge 25/27
16:34:51.172 INFO  - processing route 61/69,    edge 26/27
16:34:51.172 INFO  - processing route 61/69,    edge 27/27
16:34:51.172 INFO  - processing route 62/69,    
16:34:51.172 INFO  - processing route 62/69,    edge 1/29
16:34:51.172 INFO  - processing route 62/69,    edge 2/29
16:34:51.172 INFO  - processing route 62/69,    edge 3/29
16:34:51.172 INFO  - processing route 62/69,    edge 4/29
16:34:51.172 INFO  - processing route 62/69,    edge 5/29
16:34:51.172 INFO  - processing route 62/69,    edge 6/29
16:34:51.172 INFO  - processing route 62/69,    edge 7/29
16:34:51.172 INFO  - processing route 62/69,    edge 8/29
16:34:51.173 INFO  - processing route 62/69,    edge 9/29
16:34:51.173 INFO  - processing route 62/69,    edge 10/29
16:34:51.173 INFO  - processing route 62/69,    edge 11/29
16:34:51.173 INFO  - processing route 62/69,    edge 12/29
16:34:51.173 INFO  - processing route 62/69,    edge 13/29
16:34:51.173 INFO  - processing route 62/69,    edge 14/29
16:34:51.173 INFO  - processing route 62/69,    edge 15/29
16:34:51.173 INFO  - processing route 62/69,    edge 16/29
16:34:51.173 INFO  - processing route 62/69,    edge 17/29
16:34:51.173 INFO  - processing route 62/69,    edge 18/29
16:34:51.173 INFO  - processing route 62/69,    edge 19/29
16:34:51.173 INFO  - processing route 62/69,    edge 20/29
16:34:51.173 INFO  - processing route 62/69,    edge 21/29
16:34:51.173 INFO  - processing route 62/69,    edge 22/29
16:34:51.173 INFO  - processing route 62/69,    edge 23/29
16:34:51.173 INFO  - processing route 62/69,    edge 24/29
16:34:51.173 INFO  - processing route 62/69,    edge 25/29
16:34:51.173 INFO  - processing route 62/69,    edge 26/29
16:34:51.173 INFO  - processing route 62/69,    edge 27/29
16:34:51.173 INFO  - processing route 62/69,    edge 28/29
16:34:51.173 INFO  - processing route 62/69,    edge 29/29
16:34:51.173 INFO  - processing route 63/69,    
16:34:51.173 INFO  - processing route 63/69,    edge 1/27
16:34:51.173 INFO  - processing route 63/69,    edge 2/27
16:34:51.173 INFO  - processing route 63/69,    edge 3/27
16:34:51.173 INFO  - processing route 63/69,    edge 4/27
16:34:51.173 INFO  - processing route 63/69,    edge 5/27
16:34:51.173 INFO  - processing route 63/69,    edge 6/27
16:34:51.173 INFO  - processing route 63/69,    edge 7/27
16:34:51.173 INFO  - processing route 63/69,    edge 8/27
16:34:51.173 INFO  - processing route 63/69,    edge 9/27
16:34:51.173 INFO  - processing route 63/69,    edge 10/27
16:34:51.173 INFO  - processing route 63/69,    edge 11/27
16:34:51.173 INFO  - processing route 63/69,    edge 12/27
16:34:51.173 INFO  - processing route 63/69,    edge 13/27
16:34:51.173 INFO  - processing route 63/69,    edge 14/27
16:34:51.173 INFO  - processing route 63/69,    edge 15/27
16:34:51.173 INFO  - processing route 63/69,    edge 16/27
16:34:51.173 INFO  - processing route 63/69,    edge 17/27
16:34:51.173 INFO  - processing route 63/69,    edge 18/27
16:34:51.173 INFO  - processing route 63/69,    edge 19/27
16:34:51.173 INFO  - processing route 63/69,    edge 20/27
16:34:51.173 INFO  - processing route 63/69,    edge 21/27
16:34:51.173 INFO  - processing route 63/69,    edge 22/27
16:34:51.173 INFO  - processing route 63/69,    edge 23/27
16:34:51.173 INFO  - processing route 63/69,    edge 24/27
16:34:51.173 INFO  - processing route 63/69,    edge 25/27
16:34:51.173 INFO  - processing route 63/69,    edge 26/27
16:34:51.173 INFO  - processing route 63/69,    edge 27/27
16:34:51.174 INFO  - processing route 64/69,    
16:34:51.174 INFO  - processing route 64/69,    edge 1/26
16:34:51.174 INFO  - processing route 64/69,    edge 2/26
16:34:51.174 INFO  - processing route 64/69,    edge 3/26
16:34:51.174 INFO  - processing route 64/69,    edge 4/26
16:34:51.174 INFO  - processing route 64/69,    edge 5/26
16:34:51.174 INFO  - processing route 64/69,    edge 6/26
16:34:51.174 INFO  - processing route 64/69,    edge 7/26
16:34:51.174 INFO  - processing route 64/69,    edge 8/26
16:34:51.174 INFO  - processing route 64/69,    edge 9/26
16:34:51.174 INFO  - processing route 64/69,    edge 10/26
16:34:51.174 INFO  - processing route 64/69,    edge 11/26
16:34:51.174 INFO  - processing route 64/69,    edge 12/26
16:34:51.174 INFO  - processing route 64/69,    edge 13/26
16:34:51.174 INFO  - processing route 64/69,    edge 14/26
16:34:51.174 INFO  - processing route 64/69,    edge 15/26
16:34:51.174 INFO  - processing route 64/69,    edge 16/26
16:34:51.174 INFO  - processing route 64/69,    edge 17/26
16:34:51.174 INFO  - processing route 64/69,    edge 18/26
16:34:51.174 INFO  - processing route 64/69,    edge 19/26
16:34:51.174 INFO  - processing route 64/69,    edge 20/26
16:34:51.174 INFO  - processing route 64/69,    edge 21/26
16:34:51.174 INFO  - processing route 64/69,    edge 22/26
16:34:51.174 INFO  - processing route 64/69,    edge 23/26
16:34:51.174 INFO  - processing route 64/69,    edge 24/26
16:34:51.174 INFO  - processing route 64/69,    edge 25/26
16:34:51.174 INFO  - processing route 64/69,    edge 26/26
16:34:51.174 INFO  - processing route 65/69,    
16:34:51.175 INFO  - processing route 65/69,    edge 1/5
16:34:51.175 INFO  - processing route 65/69,    edge 2/5
16:34:51.175 INFO  - processing route 65/69,    edge 3/5
16:34:51.175 INFO  - processing route 65/69,    edge 4/5
16:34:51.175 INFO  - processing route 65/69,    edge 5/5
16:34:51.175 INFO  - processing route 66/69,    
16:34:51.175 INFO  - processing route 66/69,    edge 1/17
16:34:51.175 INFO  - processing route 66/69,    edge 2/17
16:34:51.175 INFO  - processing route 66/69,    edge 3/17
16:34:51.175 INFO  - processing route 66/69,    edge 4/17
16:34:51.175 INFO  - processing route 66/69,    edge 5/17
16:34:51.175 INFO  - processing route 66/69,    edge 6/17
16:34:51.175 INFO  - processing route 66/69,    edge 7/17
16:34:51.175 INFO  - processing route 66/69,    edge 8/17
16:34:51.175 INFO  - processing route 66/69,    edge 9/17
16:34:51.175 INFO  - processing route 66/69,    edge 10/17
16:34:51.175 INFO  - processing route 66/69,    edge 11/17
16:34:51.175 INFO  - processing route 66/69,    edge 12/17
16:34:51.175 INFO  - processing route 66/69,    edge 13/17
16:34:51.175 INFO  - processing route 66/69,    edge 14/17
16:34:51.175 INFO  - processing route 66/69,    edge 15/17
16:34:51.175 INFO  - processing route 66/69,    edge 16/17
16:34:51.175 INFO  - processing route 66/69,    edge 17/17
16:34:51.175 INFO  - processing route 67/69,    
16:34:51.175 INFO  - processing route 67/69,    edge 1/13
16:34:51.175 INFO  - processing route 67/69,    edge 2/13
16:34:51.175 INFO  - processing route 67/69,    edge 3/13
16:34:51.175 INFO  - processing route 67/69,    edge 4/13
16:34:51.175 INFO  - processing route 67/69,    edge 5/13
16:34:51.175 INFO  - processing route 67/69,    edge 6/13
16:34:51.175 INFO  - processing route 67/69,    edge 7/13
16:34:51.175 INFO  - processing route 67/69,    edge 8/13
16:34:51.175 INFO  - processing route 67/69,    edge 9/13
16:34:51.175 INFO  - processing route 67/69,    edge 10/13
16:34:51.175 INFO  - processing route 67/69,    edge 11/13
16:34:51.175 INFO  - processing route 67/69,    edge 12/13
16:34:51.175 INFO  - processing route 67/69,    edge 13/13
16:34:51.175 INFO  - processing route 68/69,    
16:34:51.175 INFO  - processing route 68/69,    edge 1/23
16:34:51.176 INFO  - processing route 68/69,    edge 2/23
16:34:51.176 INFO  - processing route 68/69,    edge 3/23
16:34:51.176 INFO  - processing route 68/69,    edge 4/23
16:34:51.176 INFO  - processing route 68/69,    edge 5/23
16:34:51.176 INFO  - processing route 68/69,    edge 6/23
16:34:51.176 INFO  - processing route 68/69,    edge 7/23
16:34:51.176 INFO  - processing route 68/69,    edge 8/23
16:34:51.176 INFO  - processing route 68/69,    edge 9/23
16:34:51.176 INFO  - processing route 68/69,    edge 10/23
16:34:51.176 INFO  - processing route 68/69,    edge 11/23
16:34:51.176 INFO  - processing route 68/69,    edge 12/23
16:34:51.176 INFO  - processing route 68/69,    edge 13/23
16:34:51.176 INFO  - processing route 68/69,    edge 14/23
16:34:51.176 INFO  - processing route 68/69,    edge 15/23
16:34:51.176 INFO  - processing route 68/69,    edge 16/23
16:34:51.176 INFO  - processing route 68/69,    edge 17/23
16:34:51.176 INFO  - processing route 68/69,    edge 18/23
16:34:51.176 INFO  - processing route 68/69,    edge 19/23
16:34:51.176 INFO  - processing route 68/69,    edge 20/23
16:34:51.176 INFO  - processing route 68/69,    edge 21/23
16:34:51.176 INFO  - processing route 68/69,    edge 22/23
16:34:51.176 INFO  - processing route 68/69,    edge 23/23
16:34:51.176 INFO  - processing route 69/69,    
16:34:51.176 INFO  - processing route 69/69,    edge 1/22
16:34:51.176 INFO  - processing route 69/69,    edge 2/22
16:34:51.176 INFO  - processing route 69/69,    edge 3/22
16:34:51.176 INFO  - processing route 69/69,    edge 4/22
16:34:51.176 INFO  - processing route 69/69,    edge 5/22
16:34:51.176 INFO  - processing route 69/69,    edge 6/22
16:34:51.176 INFO  - processing route 69/69,    edge 7/22
16:34:51.176 INFO  - processing route 69/69,    edge 8/22
16:34:51.176 INFO  - processing route 69/69,    edge 9/22
16:34:51.176 INFO  - processing route 69/69,    edge 10/22
16:34:51.176 INFO  - processing route 69/69,    edge 11/22
16:34:51.176 INFO  - processing route 69/69,    edge 12/22
16:34:51.176 INFO  - processing route 69/69,    edge 13/22
16:34:51.176 INFO  - processing route 69/69,    edge 14/22
16:34:51.176 INFO  - processing route 69/69,    edge 15/22
16:34:51.176 INFO  - processing route 69/69,    edge 16/22
16:34:51.176 INFO  - processing route 69/69,    edge 17/22
16:34:51.176 INFO  - processing route 69/69,    edge 18/22
16:34:51.176 INFO  - processing route 69/69,    edge 19/22
16:34:51.176 INFO  - processing route 69/69,    edge 20/22
16:34:51.176 INFO  - processing route 69/69,    edge 21/22
16:34:51.176 INFO  - processing route 69/69,    edge 22/22
16:34:51.176 INFO  - no vehicle definitions found
16:34:51.176 INFO  - 

16:34:51.320 INFO  - finished
